tutorial/build/intermediates/manifest_merge_blame_file/debug/processDebugMainManifest/manifest-merger-blame-debug-report.txt
1<?xml version="1.0" encoding="utf-8"?>
2<manifest xmlns:android="http://schemas.android.com/apk/res/android"
3    package="com.kaspersky.kaspresso.tutorial" >
4
5    <uses-sdk
6        android:minSdkVersion="21"
7        android:targetSdkVersion="30" />
8
9    <uses-feature
9-->src/main/AndroidManifest.xml:5:5-7:36
10        android:name="android.hardware.telephony"
10-->src/main/AndroidManifest.xml:6:9-50
11        android:required="false" />
11-->src/main/AndroidManifest.xml:7:9-33
12
13    <uses-permission android:name="android.permission.WRITE_EXTERNAL_STORAGE" />
13-->src/main/AndroidManifest.xml:9:5-10:40
13-->src/main/AndroidManifest.xml:9:22-78
14    <uses-permission android:name="android.permission.READ_EXTERNAL_STORAGE" />
14-->src/main/AndroidManifest.xml:11:5-79
14-->src/main/AndroidManifest.xml:11:22-77
15    <uses-permission android:name="android.permission.INTERNET" />
15-->src/main/AndroidManifest.xml:12:5-66
15-->src/main/AndroidManifest.xml:12:22-64
16    <uses-permission android:name="android.permission.ACCESS_NETWORK_STATE" />
16-->src/main/AndroidManifest.xml:13:5-78
16-->src/main/AndroidManifest.xml:13:22-76
17    <uses-permission android:name="android.permission.ACCESS_WIFI_STATE" />
17-->src/main/AndroidManifest.xml:14:5-75
17-->src/main/AndroidManifest.xml:14:22-73
18    <uses-permission android:name="android.permission.CHANGE_NETWORK_STATE" />
18-->src/main/AndroidManifest.xml:15:5-78
18-->src/main/AndroidManifest.xml:15:22-76
19    <uses-permission android:name="android.permission.CHANGE_WIFI_STATE" />
19-->src/main/AndroidManifest.xml:16:5-75
19-->src/main/AndroidManifest.xml:16:22-73
20    <uses-permission android:name="android.permission.ACCESS_FINE_LOCATION" />
20-->src/main/AndroidManifest.xml:17:5-78
20-->src/main/AndroidManifest.xml:17:22-76
21    <uses-permission android:name="android.permission.READ_CALL_LOG" />
21-->src/main/AndroidManifest.xml:18:5-71
21-->src/main/AndroidManifest.xml:18:22-69
22    <uses-permission android:name="android.permission.CALL_PHONE" />
22-->src/main/AndroidManifest.xml:19:5-69
22-->src/main/AndroidManifest.xml:19:22-66
23    <uses-permission android:name="android.permission.READ_SMS" />
23-->src/main/AndroidManifest.xml:20:5-66
23-->src/main/AndroidManifest.xml:20:22-64
24    <uses-permission android:name="android.permission.CHANGE_CONFIGURATION" />
24-->src/main/AndroidManifest.xml:21:5-114
24-->src/main/AndroidManifest.xml:21:22-76
25
26    <permission
26-->[androidx.core:core:1.9.0] AndroidManifest.xml:22:5-24:47
27        android:name="com.kaspersky.kaspresso.tutorial.DYNAMIC_RECEIVER_NOT_EXPORTED_PERMISSION"
27-->[androidx.core:core:1.9.0] AndroidManifest.xml:23:9-81
28        android:protectionLevel="signature" />
28-->[androidx.core:core:1.9.0] AndroidManifest.xml:24:9-44
29
30    <uses-permission android:name="com.kaspersky.kaspresso.tutorial.DYNAMIC_RECEIVER_NOT_EXPORTED_PERMISSION" />
30-->[androidx.core:core:1.9.0] AndroidManifest.xml:26:5-97
30-->[androidx.core:core:1.9.0] AndroidManifest.xml:26:22-94
31
32    <application
32-->src/main/AndroidManifest.xml:24:5-74:19
33        android:allowBackup="false"
33-->src/main/AndroidManifest.xml:26:9-36
34        android:appComponentFactory="androidx.core.app.CoreComponentFactory"
34-->[androidx.core:core:1.9.0] AndroidManifest.xml:28:18-86
35        android:debuggable="true"
36        android:extractNativeLibs="true"
37        android:icon="@mipmap/ic_launcher"
37-->src/main/AndroidManifest.xml:27:9-43
38        android:label="@string/app_name"
38-->src/main/AndroidManifest.xml:28:9-41
39        android:requestLegacyExternalStorage="true"
39-->src/main/AndroidManifest.xml:25:9-52
40        android:roundIcon="@mipmap/ic_launcher_round"
40-->src/main/AndroidManifest.xml:29:9-54
41        android:supportsRtl="true"
41-->src/main/AndroidManifest.xml:30:9-35
42        android:testOnly="true"
43        android:theme="@style/Theme.Kaspresso" >
43-->src/main/AndroidManifest.xml:31:9-47
44        <activity android:name="com.kaspersky.kaspresso.tutorial.MainActivity" >
44-->src/main/AndroidManifest.xml:34:9-40:20
44-->src/main/AndroidManifest.xml:34:19-47
45            <intent-filter>
45-->src/main/AndroidManifest.xml:35:13-39:29
46                <action android:name="android.intent.action.MAIN" />
46-->src/main/AndroidManifest.xml:36:17-69
46-->src/main/AndroidManifest.xml:36:25-66
47
48                <category android:name="android.intent.category.LAUNCHER" />
48-->src/main/AndroidManifest.xml:38:17-77
48-->src/main/AndroidManifest.xml:38:27-74
49            </intent-filter>
50        </activity>
51        <activity
51-->src/main/AndroidManifest.xml:42:9-43:38
52            android:name="com.kaspersky.kaspresso.tutorial.simple.SimpleActivity"
52-->src/main/AndroidManifest.xml:42:19-56
53            android:exported="true" />
53-->src/main/AndroidManifest.xml:43:13-36
54        <activity
54-->src/main/AndroidManifest.xml:45:9-46:38
55            android:name="com.kaspersky.kaspresso.tutorial.wifi.WiFiActivity"
55-->src/main/AndroidManifest.xml:45:19-52
56            android:exported="true" />
56-->src/main/AndroidManifest.xml:46:13-36
57        <activity
57-->src/main/AndroidManifest.xml:48:9-49:39
58            android:name="com.kaspersky.kaspresso.tutorial.notification.NotificationActivity"
58-->src/main/AndroidManifest.xml:48:19-68
59            android:exported="false" />
59-->src/main/AndroidManifest.xml:49:13-37
60        <activity
60-->src/main/AndroidManifest.xml:51:9-54:58
61            android:name="com.kaspersky.kaspresso.tutorial.login.LoginActivity"
61-->src/main/AndroidManifest.xml:52:13-48
62            android:exported="true"
62-->src/main/AndroidManifest.xml:53:13-36
63            android:windowSoftInputMode="adjustResize" />
63-->src/main/AndroidManifest.xml:54:13-55
64        <activity
64-->src/main/AndroidManifest.xml:56:9-58:39
65            android:name="com.kaspersky.kaspresso.tutorial.afterlogin.AfterLoginActivity"
65-->src/main/AndroidManifest.xml:57:13-58
66            android:exported="true" />
66-->src/main/AndroidManifest.xml:58:13-36
67        <activity
67-->src/main/AndroidManifest.xml:60:9-61:39
68            android:name="com.kaspersky.kaspresso.tutorial.permission.MakeCallActivity"
68-->src/main/AndroidManifest.xml:60:19-62
69            android:exported="true" />
69-->src/main/AndroidManifest.xml:61:13-36
70        <activity
70-->src/main/AndroidManifest.xml:63:9-65:39
71            android:name="com.kaspersky.kaspresso.tutorial.flaky.FlakyActivity"
71-->src/main/AndroidManifest.xml:64:13-48
72            android:exported="true" />
72-->src/main/AndroidManifest.xml:65:13-36
73        <activity
73-->src/main/AndroidManifest.xml:67:9-69:39
74            android:name="com.kaspersky.kaspresso.tutorial.lists.NoteListActivity"
74-->src/main/AndroidManifest.xml:68:13-51
75            android:exported="true" />
75-->src/main/AndroidManifest.xml:69:13-36
76        <activity
76-->src/main/AndroidManifest.xml:71:9-73:39
77            android:name="com.kaspersky.kaspresso.tutorial.user.LoadUserActivity"
77-->src/main/AndroidManifest.xml:72:13-50
78            android:exported="true" />
78-->src/main/AndroidManifest.xml:73:13-36
79
80        <provider
80-->[androidx.emoji2:emoji2:1.2.0] AndroidManifest.xml:24:9-32:20
81            android:name="androidx.startup.InitializationProvider"
81-->[androidx.emoji2:emoji2:1.2.0] AndroidManifest.xml:25:13-67
82            android:authorities="com.kaspersky.kaspresso.tutorial.androidx-startup"
82-->[androidx.emoji2:emoji2:1.2.0] AndroidManifest.xml:26:13-68
83            android:exported="false" >
83-->[androidx.emoji2:emoji2:1.2.0] AndroidManifest.xml:27:13-37
84            <meta-data
84-->[androidx.emoji2:emoji2:1.2.0] AndroidManifest.xml:29:13-31:52
85                android:name="androidx.emoji2.text.EmojiCompatInitializer"
85-->[androidx.emoji2:emoji2:1.2.0] AndroidManifest.xml:30:17-75
86                android:value="androidx.startup" />
86-->[androidx.emoji2:emoji2:1.2.0] AndroidManifest.xml:31:17-49
87            <meta-data
87-->[androidx.lifecycle:lifecycle-process:2.4.1] AndroidManifest.xml:31:13-33:52
88                android:name="androidx.lifecycle.ProcessLifecycleInitializer"
88-->[androidx.lifecycle:lifecycle-process:2.4.1] AndroidManifest.xml:32:17-78
89                android:value="androidx.startup" />
89-->[androidx.lifecycle:lifecycle-process:2.4.1] AndroidManifest.xml:33:17-49
90        </provider>
91    </application>
92
93</manifest>